<?xml version="1.0" encoding="UTF-8"?>
<!-- Generated by org.testng.reporters.JUnitReportReporter -->
<testsuite hostname="Sailys-MacBook-Pro.local" failures="0" tests="1" name="TestFile.homeTest" time="0.106" errors="0" timestamp="2025-05-06T13:59:37 IST" skipped="0">
  <testcase classname="TestFile.homeTest" name="Homepage" time="0.106"/>
</testsuite> <!-- TestFile.homeTest -->
