<?xml version="1.0" encoding="UTF-8"?>
<!-- Generated by org.testng.reporters.JUnitReportReporter -->
<testsuite hostname="Sailys-MacBook-Pro.local" failures="0" tests="1" name="TestFile.Test3_postloginTest" time="35.344" errors="0" timestamp="2025-05-26T11:33:46 IST" skipped="0">
  <testcase classname="TestFile.Test3_postloginTest" name="PostLoginTest" time="35.344"/>
</testsuite> <!-- TestFile.Test3_postloginTest -->
