<?xml version="1.0" encoding="UTF-8"?>
<!-- Generated by org.testng.reporters.JUnitReportReporter -->
<testsuite hostname="Sailys-MacBook-Pro.local" failures="0" tests="1" name="TestFile.profileTest" time="12.480" errors="0" timestamp="2025-05-09T12:09:14 IST" skipped="0">
  <testcase classname="TestFile.profileTest" name="ProfileTest" time="12.480"/>
</testsuite> <!-- TestFile.profileTest -->
