<?xml version="1.0" encoding="UTF-8"?>
<!-- Generated by org.testng.reporters.JUnitReportReporter -->
<testsuite hostname="Sailys-MacBook-Pro.local" failures="0" tests="1" name="TestFile.Test6_negativeloginTest" time="22.759" errors="0" timestamp="2025-05-26T12:46:26 IST" skipped="0">
  <testcase classname="TestFile.Test6_negativeloginTest" name="Negativelogin" time="22.759"/>
</testsuite> <!-- TestFile.Test6_negativeloginTest -->
