<?xml version="1.0" encoding="UTF-8"?>
<!-- Generated by org.testng.reporters.JUnitReportReporter -->
<testsuite hostname="Sailys-MacBook-Pro.local" failures="0" tests="1" name="TestFile.credentialsupdateTest" time="13.060" errors="1" timestamp="2025-05-15T15:12:17 IST" skipped="0">
  <testcase classname="TestFile.credentialsupdateTest" name="CredentialsUpdateTest" time="13.060">
    <error message="session not created: probably user data directory is already in use, please specify a unique value for --user-data-dir argument, or don&#039;t use --user-data-dir
Build info: version: &#039;3.141.59&#039;, revision: &#039;e82be7d358&#039;, time: &#039;2018-11-14T08:17:03&#039;
System info: host: &#039;Sailys-MacBook-Pro.local&#039;, ip: &#039;192.168.0.193&#039;, os.name: &#039;Mac OS X&#039;, os.arch: &#039;aarch64&#039;, os.version: &#039;15.4.1&#039;, java.version: &#039;17.0.15&#039;
Driver info: driver.version: ChromeDriver
remote stacktrace: 0   chromedriver                        0x00000001033b43cc cxxbridge1$str$ptr + 2829900
1   chromedriver                        0x00000001033ac694 cxxbridge1$str$ptr + 2797844
2   chromedriver                        0x0000000102ee9fbc cxxbridge1$string$len + 90140
3   chromedriver                        0x0000000102f1d104 cxxbridge1$string$len + 299364
4   chromedriver                        0x0000000102f19888 cxxbridge1$string$len + 284904
5   chromedriver                        0x0000000102f5e4e4 cxxbridge1$string$len + 566596
6   chromedriver                        0x0000000102f5dd54 cxxbridge1$string$len + 564660
7   chromedriver                        0x0000000102f253f8 cxxbridge1$string$len + 332888
8   chromedriver                        0x00000001033787f0 cxxbridge1$str$ptr + 2585200
9   chromedriver                        0x000000010337bac0 cxxbridge1$str$ptr + 2598208
10  chromedriver                        0x0000000103359dc4 cxxbridge1$str$ptr + 2459716
11  chromedriver                        0x000000010337c338 cxxbridge1$str$ptr + 2600376
12  chromedriver                        0x000000010334b650 cxxbridge1$str$ptr + 2400464
13  chromedriver                        0x000000010339c29c cxxbridge1$str$ptr + 2731292
14  chromedriver                        0x000000010339c428 cxxbridge1$str$ptr + 2731688
15  chromedriver                        0x00000001033ac2e0 cxxbridge1$str$ptr + 2796896
16  libsystem_pthread.dylib             0x0000000191529c0c _pthread_start + 136
17  libsystem_pthread.dylib             0x0000000191524b80 thread_start + 8
" type="org.openqa.selenium.SessionNotCreatedException">
      <![CDATA[org.openqa.selenium.SessionNotCreatedException: session not created: probably user data directory is already in use, please specify a unique value for --user-data-dir argument, or don't use --user-data-dir
Build info: version: '3.141.59', revision: 'e82be7d358', time: '2018-11-14T08:17:03'
System info: host: 'Sailys-MacBook-Pro.local', ip: '192.168.0.193', os.name: 'Mac OS X', os.arch: 'aarch64', os.version: '15.4.1', java.version: '17.0.15'
Driver info: driver.version: ChromeDriver
remote stacktrace: 0   chromedriver                        0x00000001033b43cc cxxbridge1$str$ptr + 2829900
1   chromedriver                        0x00000001033ac694 cxxbridge1$str$ptr + 2797844
2   chromedriver                        0x0000000102ee9fbc cxxbridge1$string$len + 90140
3   chromedriver                        0x0000000102f1d104 cxxbridge1$string$len + 299364
4   chromedriver                        0x0000000102f19888 cxxbridge1$string$len + 284904
5   chromedriver                        0x0000000102f5e4e4 cxxbridge1$string$len + 566596
6   chromedriver                        0x0000000102f5dd54 cxxbridge1$string$len + 564660
7   chromedriver                        0x0000000102f253f8 cxxbridge1$string$len + 332888
8   chromedriver                        0x00000001033787f0 cxxbridge1$str$ptr + 2585200
9   chromedriver                        0x000000010337bac0 cxxbridge1$str$ptr + 2598208
10  chromedriver                        0x0000000103359dc4 cxxbridge1$str$ptr + 2459716
11  chromedriver                        0x000000010337c338 cxxbridge1$str$ptr + 2600376
12  chromedriver                        0x000000010334b650 cxxbridge1$str$ptr + 2400464
13  chromedriver                        0x000000010339c29c cxxbridge1$str$ptr + 2731292
14  chromedriver                        0x000000010339c428 cxxbridge1$str$ptr + 2731688
15  chromedriver                        0x00000001033ac2e0 cxxbridge1$str$ptr + 2796896
16  libsystem_pthread.dylib             0x0000000191529c0c _pthread_start + 136
17  libsystem_pthread.dylib             0x0000000191524b80 thread_start + 8

at java.base/jdk.internal.reflect.NativeConstructorAccessorImpl.newInstance0(Native Method)
at java.base/jdk.internal.reflect.NativeConstructorAccessorImpl.newInstance(NativeConstructorAccessorImpl.java:77)
at java.base/jdk.internal.reflect.DelegatingConstructorAccessorImpl.newInstance(DelegatingConstructorAccessorImpl.java:45)
at java.base/java.lang.reflect.Constructor.newInstanceWithCaller(Constructor.java:500)
at java.base/java.lang.reflect.Constructor.newInstance(Constructor.java:481)
at org.openqa.selenium.remote.W3CHandshakeResponse.lambda$errorHandler$0(W3CHandshakeResponse.java:62)
at org.openqa.selenium.remote.HandshakeResponse.lambda$getResponseFunction$0(HandshakeResponse.java:30)
at org.openqa.selenium.remote.ProtocolHandshake.lambda$createSession$0(ProtocolHandshake.java:126)
at java.base/java.util.stream.ReferencePipeline$3$1.accept(ReferencePipeline.java:197)
at java.base/java.util.Spliterators$ArraySpliterator.tryAdvance(Spliterators.java:1002)
at java.base/java.util.stream.ReferencePipeline.forEachWithCancel(ReferencePipeline.java:129)
at java.base/java.util.stream.AbstractPipeline.copyIntoWithCancel(AbstractPipeline.java:527)
at java.base/java.util.stream.AbstractPipeline.copyInto(AbstractPipeline.java:513)
at java.base/java.util.stream.AbstractPipeline.wrapAndCopyInto(AbstractPipeline.java:499)
at java.base/java.util.stream.FindOps$FindOp.evaluateSequential(FindOps.java:150)
at java.base/java.util.stream.AbstractPipeline.evaluate(AbstractPipeline.java:234)
at java.base/java.util.stream.ReferencePipeline.findFirst(ReferencePipeline.java:647)
at org.openqa.selenium.remote.ProtocolHandshake.createSession(ProtocolHandshake.java:128)
at org.openqa.selenium.remote.ProtocolHandshake.createSession(ProtocolHandshake.java:74)
at org.openqa.selenium.remote.HttpCommandExecutor.execute(HttpCommandExecutor.java:136)
at org.openqa.selenium.remote.service.DriverCommandExecutor.execute(DriverCommandExecutor.java:83)
at org.openqa.selenium.remote.RemoteWebDriver.execute(RemoteWebDriver.java:552)
at org.openqa.selenium.remote.RemoteWebDriver.startSession(RemoteWebDriver.java:213)
at org.openqa.selenium.remote.RemoteWebDriver.<init>(RemoteWebDriver.java:131)
at org.openqa.selenium.chrome.ChromeDriver.<init>(ChromeDriver.java:181)
at org.openqa.selenium.chrome.ChromeDriver.<init>(ChromeDriver.java:168)
at org.openqa.selenium.chrome.ChromeDriver.<init>(ChromeDriver.java:157)
at PageObjectFile.credentialsupdatePage.Credentials_Updation(credentialsupdatePage.java:132)
at TestFile.credentialsupdateTest.CredentialsUpdateTest(credentialsupdateTest.java:131)
at java.base/jdk.internal.reflect.NativeMethodAccessorImpl.invoke0(Native Method)
at java.base/jdk.internal.reflect.NativeMethodAccessorImpl.invoke(NativeMethodAccessorImpl.java:77)
at java.base/jdk.internal.reflect.DelegatingMethodAccessorImpl.invoke(DelegatingMethodAccessorImpl.java:43)
at java.base/java.lang.reflect.Method.invoke(Method.java:569)
at org.testng.internal.invokers.MethodInvocationHelper.invokeMethod(MethodInvocationHelper.java:141)
at org.testng.internal.invokers.TestInvoker.invokeMethod(TestInvoker.java:687)
at org.testng.internal.invokers.TestInvoker.invokeTestMethod(TestInvoker.java:230)
at org.testng.internal.invokers.MethodRunner.runInSequence(MethodRunner.java:63)
at org.testng.internal.invokers.TestInvoker$MethodInvocationAgent.invoke(TestInvoker.java:995)
at org.testng.internal.invokers.TestInvoker.invokeTestMethods(TestInvoker.java:203)
at org.testng.internal.invokers.TestMethodWorker.invokeTestMethods(TestMethodWorker.java:154)
at org.testng.internal.invokers.TestMethodWorker.run(TestMethodWorker.java:134)
at java.base/java.util.ArrayList.forEach(ArrayList.java:1511)
at org.testng.TestRunner.privateRun(TestRunner.java:741)
at org.testng.TestRunner.run(TestRunner.java:616)
at org.testng.SuiteRunner.runTest(SuiteRunner.java:421)
at org.testng.SuiteRunner.runSequentially(SuiteRunner.java:413)
at org.testng.SuiteRunner.privateRun(SuiteRunner.java:373)
at org.testng.SuiteRunner.run(SuiteRunner.java:312)
at org.testng.SuiteRunnerWorker.runSuite(SuiteRunnerWorker.java:52)
at org.testng.SuiteRunnerWorker.run(SuiteRunnerWorker.java:95)
at org.testng.TestNG.runSuitesSequentially(TestNG.java:1274)
at org.testng.TestNG.runSuitesLocally(TestNG.java:1208)
at org.testng.TestNG.runSuites(TestNG.java:1112)
at org.testng.TestNG.run(TestNG.java:1079)
at org.testng.remote.AbstractRemoteTestNG.run(AbstractRemoteTestNG.java:115)
at org.testng.remote.RemoteTestNG.initAndRun(RemoteTestNG.java:293)
at org.testng.remote.RemoteTestNG.main(RemoteTestNG.java:91)
]]>
    </error>
  </testcase> <!-- CredentialsUpdateTest -->
</testsuite> <!-- TestFile.credentialsupdateTest -->
