<?xml version="1.0" encoding="UTF-8"?>
<!-- Generated by org.testng.reporters.JUnitReportReporter -->
<testsuite hostname="Sailys-MacBook-Pro.local" failures="0" tests="1" name="TestFile.Test5_passwordupdateTest" time="50.713" errors="0" timestamp="2025-05-26T11:41:38 IST" skipped="0">
  <testcase classname="TestFile.Test5_passwordupdateTest" name="CredentialsUpdateTest" time="50.713"/>
</testsuite> <!-- TestFile.Test5_passwordupdateTest -->
