<?xml version="1.0" encoding="UTF-8"?>
<!-- Generated by org.testng.reporters.JUnitReportReporter -->
<testsuite hostname="Sailys-MacBook-Pro.local" failures="0" tests="1" name="TestFile.signinTest" time="8.765" errors="0" timestamp="2025-05-09T11:40:18 IST" skipped="0">
  <testcase classname="TestFile.signinTest" name="Signin" time="8.765"/>
</testsuite> <!-- TestFile.signinTest -->
