<?xml version="1.0" encoding="UTF-8"?>
<!-- Generated by org.testng.reporters.JUnitReportReporter -->
<testsuite hostname="Sailys-MacBook-Pro.local" failures="0" tests="1" name="TestFile.homeTest" time="0.140" errors="0" timestamp="2025-05-09T15:24:51 IST" skipped="0">
  <testcase classname="TestFile.homeTest" name="Homepage" time="0.140"/>
</testsuite> <!-- TestFile.homeTest -->
