<?xml version="1.0" encoding="UTF-8"?>
<!-- Generated by org.testng.reporters.JUnitReportReporter -->
<testsuite hostname="Sailys-MacBook-Pro.local" failures="0" tests="1" name="TestFile.Test1_regionwarningTest" time="11.584" errors="0" timestamp="2025-05-26T12:46:26 IST" skipped="0">
  <testcase classname="TestFile.Test1_regionwarningTest" name="RegionWarningTest" time="11.584"/>
</testsuite> <!-- TestFile.Test1_regionwarningTest -->
