<?xml version="1.0" encoding="UTF-8"?>
<!-- Generated by org.testng.reporters.JUnitReportReporter -->
<testsuite hostname="Sailys-MacBook-Pro.local" failures="0" tests="1" name="TestFile.postsigninTest" time="6.856" errors="0" timestamp="2025-05-14T17:51:12 IST" skipped="0">
  <testcase classname="TestFile.postsigninTest" name="PostSignin" time="6.856"/>
</testsuite> <!-- TestFile.postsigninTest -->
