<?xml version="1.0" encoding="UTF-8"?>
<!-- Generated by org.testng.reporters.JUnitReportReporter -->
<testsuite hostname="Sailys-MacBook-Pro.local" failures="0" tests="1" name="TestFile.loginTest" time="6.794" errors="0" timestamp="2025-05-21T13:06:55 IST" skipped="0">
  <testcase classname="TestFile.loginTest" name="Signin" time="6.794"/>
</testsuite> <!-- TestFile.loginTest -->
