<?xml version="1.0" encoding="UTF-8"?>
<!-- Generated by org.testng.reporters.JUnitReportReporter -->
<testsuite hostname="Sailys-MacBook-Pro.local" failures="0" tests="1" name="TestFile.signinTest" time="9.418" errors="0" timestamp="2025-05-06T14:03:59 IST" skipped="0">
  <testcase classname="TestFile.signinTest" name="Signin" time="9.418"/>
</testsuite> <!-- TestFile.signinTest -->
