<?xml version="1.0" encoding="UTF-8"?>
<!-- Generated by org.testng.reporters.JUnitReportReporter -->
<testsuite hostname="Sailys-MacBook-Pro.local" failures="0" tests="1" name="TestFile.profileTest" time="11.561" errors="0" timestamp="2025-05-09T14:02:53 IST" skipped="0">
  <testcase classname="TestFile.profileTest" name="ProfileTest" time="11.561"/>
</testsuite> <!-- TestFile.profileTest -->
