<?xml version="1.0" encoding="UTF-8"?>
<!-- Generated by org.testng.reporters.JUnitReportReporter -->
<testsuite hostname="Sailys-MacBook-Pro.local" failures="0" tests="1" name="TestFile.Test4_profileTest" time="44.494" errors="0" timestamp="2025-05-25T21:36:05 IST" skipped="0">
  <testcase classname="TestFile.Test4_profileTest" name="ProfileTest" time="44.494"/>
</testsuite> <!-- TestFile.Test4_profileTest -->
