<?xml version="1.0" encoding="UTF-8"?>
<!-- Generated by org.testng.reporters.JUnitReportReporter -->
<testsuite hostname="Sailys-MacBook-Pro.local" failures="0" tests="1" name="TestFile.negativeloginTest" time="3.164" errors="0" timestamp="2025-05-21T13:19:14 IST" skipped="0">
  <testcase classname="TestFile.negativeloginTest" name="Negativelogin" time="3.164"/>
</testsuite> <!-- TestFile.negativeloginTest -->
