<?xml version="1.0" encoding="UTF-8"?>
<!-- Generated by org.testng.reporters.JUnitReportReporter -->
<testsuite hostname="Sailys-MacBook-Pro.local" failures="0" tests="1" name="TestFile.Test1_regionwarningTest" time="0.722" errors="0" timestamp="2025-05-21T16:28:03 IST" skipped="0">
  <testcase classname="TestFile.Test1_regionwarningTest" name="RegionWarningTest" time="0.722"/>
</testsuite> <!-- TestFile.Test1_regionwarningTest -->
