<?xml version="1.0" encoding="UTF-8"?>
<!-- Generated by org.testng.reporters.JUnitReportReporter -->
<testsuite hostname="Sailys-MacBook-Pro.local" failures="0" tests="1" name="sailyassignment.Test2_Signin_Page" time="17.584" errors="0" timestamp="2025-05-02T13:49:20 IST" skipped="0">
  <testcase classname="sailyassignment.Test2_Signin_Page" name="Signin" time="17.584"/>
  <system-out/>
</testsuite> <!-- sailyassignment.Test2_Signin_Page -->
