<?xml version="1.0" encoding="UTF-8"?>
<!-- Generated by org.testng.reporters.JUnitReportReporter -->
<testsuite hostname="Sailys-MacBook-Pro.local" failures="0" tests="1" name="TestFile.Test4_profileTest" time="11.942" errors="0" timestamp="2025-05-22T15:07:12 IST" skipped="0">
  <testcase classname="TestFile.Test4_profileTest" name="ProfileTest" time="11.942"/>
</testsuite> <!-- TestFile.Test4_profileTest -->
