<?xml version="1.0" encoding="UTF-8"?>
<!-- Generated by org.testng.reporters.JUnitReportReporter -->
<testsuite hostname="Sailys-MacBook-Pro.local" failures="0" tests="1" name="TestFile.postloginTest" time="6.852" errors="0" timestamp="2025-05-16T13:05:51 IST" skipped="0">
  <testcase classname="TestFile.postloginTest" name="PostSignin" time="6.852"/>
</testsuite> <!-- TestFile.postloginTest -->
