<?xml version="1.0" encoding="UTF-8"?>
<!-- Generated by org.testng.reporters.JUnitReportReporter -->
<testsuite hostname="Sailys-MacBook-Pro.local" failures="0" tests="1" name="TestFile.profileTest" time="9.590" errors="0" timestamp="2025-05-15T19:58:18 IST" skipped="0">
  <testcase classname="TestFile.profileTest" name="ProfileTest" time="9.590"/>
</testsuite> <!-- TestFile.profileTest -->
