<?xml version="1.0" encoding="UTF-8"?>
<!-- Generated by org.testng.reporters.JUnitReportReporter -->
<testsuite hostname="Sailys-MacBook-Pro.local" failures="0" tests="1" name="TestFile.Test4_profileTest" time="42.436" errors="0" timestamp="2025-05-26T13:17:20 IST" skipped="0">
  <testcase classname="TestFile.Test4_profileTest" name="ProfileTest" time="42.436"/>
</testsuite> <!-- TestFile.Test4_profileTest -->
