<?xml version="1.0" encoding="UTF-8"?>
<!-- Generated by org.testng.reporters.JUnitReportReporter -->
<testsuite hostname="Sailys-MacBook-Pro.local" failures="0" tests="1" name="sailyassignment.Test1_Homepage_Validation" time="10.447" errors="0" timestamp="2025-05-02T13:49:20 IST" skipped="0">
  <testcase classname="sailyassignment.Test1_Homepage_Validation" name="homepage" time="10.447"/>
  <system-out/>
</testsuite> <!-- sailyassignment.Test1_Homepage_Validation -->
