<?xml version="1.0" encoding="UTF-8"?>
<!-- Generated by org.testng.reporters.JUnitReportReporter -->
<testsuite hostname="Sailys-MacBook-Pro.local" failures="0" tests="1" name="TestFile.loginTest" time="1.871" errors="0" timestamp="2025-05-14T13:05:05 IST" skipped="0">
  <testcase classname="TestFile.loginTest" name="Signin" time="1.871"/>
</testsuite> <!-- TestFile.loginTest -->
