<?xml version="1.0" encoding="UTF-8"?>
<!-- Generated by org.testng.reporters.JUnitReportReporter -->
<testsuite hostname="Sailys-MacBook-Pro.local" failures="0" tests="1" name="TestFile.Test3_postloginTest" time="8.630" errors="0" timestamp="2025-05-22T14:45:42 IST" skipped="0">
  <testcase classname="TestFile.Test3_postloginTest" name="PostLoginTest" time="8.630"/>
</testsuite> <!-- TestFile.Test3_postloginTest -->
