<?xml version="1.0" encoding="UTF-8"?>
<!-- Generated by org.testng.reporters.JUnitReportReporter -->
<testsuite hostname="Sailys-MacBook-Pro.local" failures="0" tests="1" name="TestFile.Test4_profileTest" time="41.882" errors="0" timestamp="2025-05-26T11:35:01 IST" skipped="0">
  <testcase classname="TestFile.Test4_profileTest" name="ProfileTest" time="41.882"/>
</testsuite> <!-- TestFile.Test4_profileTest -->
