<?xml version="1.0" encoding="UTF-8"?>
<!-- Generated by org.testng.reporters.JUnitReportReporter -->
<testsuite hostname="Sailys-MacBook-Pro.local" failures="0" tests="1" name="TestFile.Test2_loginTest" time="30.333" errors="0" timestamp="2025-05-25T21:26:02 IST" skipped="0">
  <testcase classname="TestFile.Test2_loginTest" name="ValidLoginTest" time="30.333"/>
</testsuite> <!-- TestFile.Test2_loginTest -->
